{"/Users/joroji/dev/quiz-tdd/src/components/answers/answers.js": {"path":"/Users/joroji/dev/quiz-tdd/src/components/answers/answers.js","statementMap":{"0":{"start":{"line":4,"column":4},"end":{"line":4,"column":38}},"1":{"start":{"line":5,"column":4},"end":{"line":5,"column":28}},"2":{"start":{"line":6,"column":4},"end":{"line":6,"column":55}},"3":{"start":{"line":10,"column":4},"end":{"line":14,"column":7}},"4":{"start":{"line":11,"column":21},"end":{"line":11,"column":46}},"5":{"start":{"line":12,"column":6},"end":{"line":12,"column":38}},"6":{"start":{"line":13,"column":6},"end":{"line":13,"column":37}},"7":{"start":{"line":18,"column":20},"end":{"line":18,"column":52}},"8":{"start":{"line":19,"column":4},"end":{"line":19,"column":40}},"9":{"start":{"line":20,"column":4},"end":{"line":20,"column":33}},"10":{"start":{"line":21,"column":4},"end":{"line":21,"column":80}},"11":{"start":{"line":21,"column":51},"end":{"line":21,"column":77}},"12":{"start":{"line":22,"column":4},"end":{"line":22,"column":18}},"13":{"start":{"line":26,"column":19},"end":{"line":26,"column":43}},"14":{"start":{"line":27,"column":22},"end":{"line":27,"column":51}},"15":{"start":{"line":29,"column":4},"end":{"line":29,"column":68}},"16":{"start":{"line":31,"column":4},"end":{"line":31,"column":66}},"17":{"start":{"line":32,"column":4},"end":{"line":32,"column":47}},"18":{"start":{"line":36,"column":4},"end":{"line":42,"column":7}},"19":{"start":{"line":37,"column":6},"end":{"line":37,"column":44}},"20":{"start":{"line":39,"column":6},"end":{"line":41,"column":7}},"21":{"start":{"line":40,"column":8},"end":{"line":40,"column":40}},"22":{"start":{"line":46,"column":29},"end":{"line":49,"column":6}},"23":{"start":{"line":51,"column":4},"end":{"line":51,"column":48}}},"fnMap":{"0":{"name":"(anonymous_0)","decl":{"start":{"line":3,"column":2},"end":{"line":3,"column":3}},"loc":{"start":{"line":3,"column":50},"end":{"line":7,"column":3}},"line":3},"1":{"name":"(anonymous_1)","decl":{"start":{"line":9,"column":2},"end":{"line":9,"column":3}},"loc":{"start":{"line":9,"column":48},"end":{"line":15,"column":3}},"line":9},"2":{"name":"(anonymous_2)","decl":{"start":{"line":10,"column":20},"end":{"line":10,"column":21}},"loc":{"start":{"line":10,"column":32},"end":{"line":14,"column":5}},"line":10},"3":{"name":"(anonymous_3)","decl":{"start":{"line":17,"column":2},"end":{"line":17,"column":3}},"loc":{"start":{"line":17,"column":24},"end":{"line":23,"column":3}},"line":17},"4":{"name":"(anonymous_4)","decl":{"start":{"line":21,"column":38},"end":{"line":21,"column":39}},"loc":{"start":{"line":21,"column":49},"end":{"line":21,"column":79}},"line":21},"5":{"name":"(anonymous_5)","decl":{"start":{"line":25,"column":2},"end":{"line":25,"column":3}},"loc":{"start":{"line":25,"column":24},"end":{"line":33,"column":3}},"line":25},"6":{"name":"(anonymous_6)","decl":{"start":{"line":35,"column":2},"end":{"line":35,"column":3}},"loc":{"start":{"line":35,"column":44},"end":{"line":43,"column":3}},"line":35},"7":{"name":"(anonymous_7)","decl":{"start":{"line":36,"column":20},"end":{"line":36,"column":21}},"loc":{"start":{"line":36,"column":32},"end":{"line":42,"column":5}},"line":36},"8":{"name":"(anonymous_8)","decl":{"start":{"line":45,"column":2},"end":{"line":45,"column":3}},"loc":{"start":{"line":45,"column":39},"end":{"line":52,"column":3}},"line":45}},"branchMap":{"0":{"loc":{"start":{"line":29,"column":31},"end":{"line":29,"column":66}},"type":"cond-expr","locations":[{"start":{"line":29,"column":43},"end":{"line":29,"column":52}},{"start":{"line":29,"column":55},"end":{"line":29,"column":66}}],"line":29},"1":{"loc":{"start":{"line":39,"column":6},"end":{"line":41,"column":7}},"type":"if","locations":[{"start":{"line":39,"column":6},"end":{"line":41,"column":7}},{"start":{"line":39,"column":6},"end":{"line":41,"column":7}}],"line":39}},"s":{"0":9,"1":9,"2":9,"3":9,"4":36,"5":36,"6":36,"7":36,"8":36,"9":36,"10":36,"11":3,"12":36,"13":3,"14":3,"15":3,"16":3,"17":3,"18":3,"19":12,"20":12,"21":3,"22":3,"23":3},"f":{"0":9,"1":9,"2":36,"3":36,"4":3,"5":3,"6":3,"7":12,"8":3},"b":{"0":[2,1],"1":[3,9]},"_coverageSchema":"1a1c01bbd47fc00a2c39e90264f33305004495a9","hash":"648d1f149de58f705522adfa2bd6230a3fba7bc9"}
,"/Users/joroji/dev/quiz-tdd/src/components/countries/countries.js": {"path":"/Users/joroji/dev/quiz-tdd/src/components/countries/countries.js","statementMap":{"0":{"start":{"line":2,"column":17},"end":{"line":2,"column":52}},"1":{"start":{"line":7,"column":21},"end":{"line":7,"column":50}},"2":{"start":{"line":8,"column":22},"end":{"line":8,"column":43}},"3":{"start":{"line":9,"column":4},"end":{"line":9,"column":21}},"4":{"start":{"line":13,"column":4},"end":{"line":15,"column":5}},"5":{"start":{"line":14,"column":6},"end":{"line":14,"column":49}},"6":{"start":{"line":17,"column":27},"end":{"line":17,"column":64}},"7":{"start":{"line":19,"column":4},"end":{"line":23,"column":5}},"8":{"start":{"line":27,"column":16},"end":{"line":27,"column":37}},"9":{"start":{"line":28,"column":16},"end":{"line":28,"column":51}},"10":{"start":{"line":29,"column":4},"end":{"line":29,"column":26}},"11":{"start":{"line":33,"column":4},"end":{"line":38,"column":38}},"12":{"start":{"line":38,"column":17},"end":{"line":38,"column":36}}},"fnMap":{"0":{"name":"(anonymous_0)","decl":{"start":{"line":6,"column":2},"end":{"line":6,"column":3}},"loc":{"start":{"line":6,"column":23},"end":{"line":10,"column":3}},"line":6},"1":{"name":"(anonymous_1)","decl":{"start":{"line":12,"column":2},"end":{"line":12,"column":3}},"loc":{"start":{"line":12,"column":22},"end":{"line":24,"column":3}},"line":12},"2":{"name":"(anonymous_2)","decl":{"start":{"line":26,"column":2},"end":{"line":26,"column":3}},"loc":{"start":{"line":26,"column":30},"end":{"line":30,"column":3}},"line":26},"3":{"name":"(anonymous_3)","decl":{"start":{"line":32,"column":2},"end":{"line":32,"column":3}},"loc":{"start":{"line":32,"column":40},"end":{"line":39,"column":3}},"line":32},"4":{"name":"(anonymous_4)","decl":{"start":{"line":38,"column":11},"end":{"line":38,"column":12}},"loc":{"start":{"line":38,"column":17},"end":{"line":38,"column":36}},"line":38}},"branchMap":{"0":{"loc":{"start":{"line":13,"column":4},"end":{"line":15,"column":5}},"type":"if","locations":[{"start":{"line":13,"column":4},"end":{"line":15,"column":5}},{"start":{"line":13,"column":4},"end":{"line":15,"column":5}}],"line":13}},"s":{"0":2,"1":2,"2":2,"3":2,"4":2,"5":1,"6":2,"7":2,"8":8,"9":8,"10":8,"11":2,"12":11},"f":{"0":2,"1":2,"2":8,"3":2,"4":11},"b":{"0":[1,1]},"_coverageSchema":"1a1c01bbd47fc00a2c39e90264f33305004495a9","hash":"41a7f6af0bba2394e9729134969f9c62d4b67473"}
,"/Users/joroji/dev/quiz-tdd/src/components/quiz/quiz.js": {"path":"/Users/joroji/dev/quiz-tdd/src/components/quiz/quiz.js","statementMap":{"0":{"start":{"line":11,"column":4},"end":{"line":11,"column":39}},"1":{"start":{"line":12,"column":4},"end":{"line":12,"column":41}},"2":{"start":{"line":13,"column":4},"end":{"line":13,"column":41}},"3":{"start":{"line":14,"column":4},"end":{"line":14,"column":92}},"4":{"start":{"line":14,"column":66},"end":{"line":14,"column":90}},"5":{"start":{"line":21,"column":52},"end":{"line":21,"column":91}},"6":{"start":{"line":22,"column":4},"end":{"line":22,"column":54}},"7":{"start":{"line":23,"column":4},"end":{"line":25,"column":5}},"8":{"start":{"line":24,"column":6},"end":{"line":24,"column":77}},"9":{"start":{"line":26,"column":4},"end":{"line":26,"column":41}},"10":{"start":{"line":27,"column":4},"end":{"line":27,"column":43}},"11":{"start":{"line":28,"column":4},"end":{"line":28,"column":86}},"12":{"start":{"line":36,"column":23},"end":{"line":36,"column":74}},"13":{"start":{"line":37,"column":4},"end":{"line":37,"column":34}},"14":{"start":{"line":38,"column":4},"end":{"line":38,"column":80}},"15":{"start":{"line":38,"column":54},"end":{"line":38,"column":76}},"16":{"start":{"line":40,"column":4},"end":{"line":40,"column":33}},"17":{"start":{"line":41,"column":4},"end":{"line":41,"column":42}},"18":{"start":{"line":50,"column":19},"end":{"line":50,"column":59}},"19":{"start":{"line":51,"column":4},"end":{"line":53,"column":5}},"20":{"start":{"line":52,"column":6},"end":{"line":52,"column":72}},"21":{"start":{"line":55,"column":4},"end":{"line":55,"column":89}},"22":{"start":{"line":56,"column":4},"end":{"line":56,"column":29}},"23":{"start":{"line":58,"column":4},"end":{"line":58,"column":40}},"24":{"start":{"line":66,"column":22},"end":{"line":66,"column":74}},"25":{"start":{"line":67,"column":4},"end":{"line":67,"column":41}},"26":{"start":{"line":68,"column":4},"end":{"line":68,"column":21}},"27":{"start":{"line":78,"column":20},"end":{"line":78,"column":47}},"28":{"start":{"line":79,"column":4},"end":{"line":79,"column":34}},"29":{"start":{"line":80,"column":4},"end":{"line":80,"column":48}},"30":{"start":{"line":81,"column":4},"end":{"line":81,"column":19}},"31":{"start":{"line":85,"column":4},"end":{"line":85,"column":44}}},"fnMap":{"0":{"name":"(anonymous_0)","decl":{"start":{"line":10,"column":2},"end":{"line":10,"column":3}},"loc":{"start":{"line":10,"column":45},"end":{"line":15,"column":3}},"line":10},"1":{"name":"(anonymous_1)","decl":{"start":{"line":14,"column":55},"end":{"line":14,"column":56}},"loc":{"start":{"line":14,"column":66},"end":{"line":14,"column":90}},"line":14},"2":{"name":"(anonymous_2)","decl":{"start":{"line":20,"column":2},"end":{"line":20,"column":3}},"loc":{"start":{"line":20,"column":25},"end":{"line":29,"column":3}},"line":20},"3":{"name":"(anonymous_3)","decl":{"start":{"line":35,"column":2},"end":{"line":35,"column":3}},"loc":{"start":{"line":35,"column":34},"end":{"line":42,"column":3}},"line":35},"4":{"name":"(anonymous_4)","decl":{"start":{"line":38,"column":41},"end":{"line":38,"column":42}},"loc":{"start":{"line":38,"column":52},"end":{"line":38,"column":78}},"line":38},"5":{"name":"(anonymous_5)","decl":{"start":{"line":49,"column":2},"end":{"line":49,"column":3}},"loc":{"start":{"line":49,"column":42},"end":{"line":59,"column":3}},"line":49},"6":{"name":"(anonymous_6)","decl":{"start":{"line":65,"column":2},"end":{"line":65,"column":3}},"loc":{"start":{"line":65,"column":39},"end":{"line":69,"column":3}},"line":65},"7":{"name":"(anonymous_7)","decl":{"start":{"line":77,"column":2},"end":{"line":77,"column":3}},"loc":{"start":{"line":77,"column":38},"end":{"line":82,"column":3}},"line":77},"8":{"name":"(anonymous_8)","decl":{"start":{"line":84,"column":2},"end":{"line":84,"column":3}},"loc":{"start":{"line":84,"column":22},"end":{"line":86,"column":3}},"line":84}},"branchMap":{"0":{"loc":{"start":{"line":23,"column":4},"end":{"line":25,"column":5}},"type":"if","locations":[{"start":{"line":23,"column":4},"end":{"line":25,"column":5}},{"start":{"line":23,"column":4},"end":{"line":25,"column":5}}],"line":23},"1":{"loc":{"start":{"line":51,"column":4},"end":{"line":53,"column":5}},"type":"if","locations":[{"start":{"line":51,"column":4},"end":{"line":53,"column":5}},{"start":{"line":51,"column":4},"end":{"line":53,"column":5}}],"line":51}},"s":{"0":1,"1":1,"2":1,"3":1,"4":1,"5":3,"6":3,"7":3,"8":1,"9":3,"10":3,"11":3,"12":1,"13":1,"14":1,"15":3,"16":1,"17":1,"18":3,"19":3,"20":2,"21":1,"22":1,"23":1,"24":1,"25":1,"26":1,"27":3,"28":3,"29":3,"30":3,"31":1},"f":{"0":1,"1":1,"2":3,"3":1,"4":3,"5":3,"6":1,"7":3,"8":1},"b":{"0":[1,2],"1":[2,1]},"_coverageSchema":"1a1c01bbd47fc00a2c39e90264f33305004495a9","hash":"469e940aa511ecb4a0de2971bfd39ebe73eb1ae3"}
}
