TN:
SF:src/components/answers/answers.js
FN:3,(anonymous_0)
FN:9,(anonymous_1)
FN:10,(anonymous_2)
FN:17,(anonymous_3)
FN:21,(anonymous_4)
FN:25,(anonymous_5)
FN:35,(anonymous_6)
FN:36,(anonymous_7)
FN:45,(anonymous_8)
FNF:9
FNH:9
FNDA:9,(anonymous_0)
FNDA:9,(anonymous_1)
FNDA:36,(anonymous_2)
FNDA:36,(anonymous_3)
FNDA:3,(anonymous_4)
FNDA:3,(anonymous_5)
FNDA:3,(anonymous_6)
FNDA:12,(anonymous_7)
FNDA:3,(anonymous_8)
DA:4,9
DA:5,9
DA:6,9
DA:10,9
DA:11,36
DA:12,36
DA:13,36
DA:18,36
DA:19,36
DA:20,36
DA:21,36
DA:22,36
DA:26,3
DA:27,3
DA:29,3
DA:31,3
DA:32,3
DA:36,3
DA:37,12
DA:39,12
DA:40,3
DA:46,3
DA:51,3
LF:23
LH:23
BRDA:29,0,0,2
BRDA:29,0,1,1
BRDA:39,1,0,3
BRDA:39,1,1,9
BRF:4
BRH:4
end_of_record
TN:
SF:src/components/countries/countries.js
FN:6,(anonymous_0)
FN:12,(anonymous_1)
FN:26,(anonymous_2)
FN:32,(anonymous_3)
FN:38,(anonymous_4)
FNF:5
FNH:5
FNDA:2,(anonymous_0)
FNDA:2,(anonymous_1)
FNDA:8,(anonymous_2)
FNDA:2,(anonymous_3)
FNDA:11,(anonymous_4)
DA:2,2
DA:7,2
DA:8,2
DA:9,2
DA:13,2
DA:14,1
DA:17,2
DA:19,2
DA:27,8
DA:28,8
DA:29,8
DA:33,2
DA:38,11
LF:13
LH:13
BRDA:13,0,0,1
BRDA:13,0,1,1
BRF:2
BRH:2
end_of_record
TN:
SF:src/components/quiz/quiz.js
FN:10,(anonymous_0)
FN:14,(anonymous_1)
FN:20,(anonymous_2)
FN:35,(anonymous_3)
FN:38,(anonymous_4)
FN:49,(anonymous_5)
FN:65,(anonymous_6)
FN:77,(anonymous_7)
FN:84,(anonymous_8)
FNF:9
FNH:9
FNDA:1,(anonymous_0)
FNDA:1,(anonymous_1)
FNDA:3,(anonymous_2)
FNDA:1,(anonymous_3)
FNDA:3,(anonymous_4)
FNDA:3,(anonymous_5)
FNDA:1,(anonymous_6)
FNDA:3,(anonymous_7)
FNDA:1,(anonymous_8)
DA:11,1
DA:12,1
DA:13,1
DA:14,1
DA:21,3
DA:22,3
DA:23,3
DA:24,1
DA:26,3
DA:27,3
DA:28,3
DA:36,1
DA:37,1
DA:38,3
DA:40,1
DA:41,1
DA:50,3
DA:51,3
DA:52,2
DA:55,1
DA:56,1
DA:58,1
DA:66,1
DA:67,1
DA:68,1
DA:78,3
DA:79,3
DA:80,3
DA:81,3
DA:85,1
LF:30
LH:30
BRDA:23,0,0,1
BRDA:23,0,1,2
BRDA:51,1,0,2
BRDA:51,1,1,1
BRF:4
BRH:4
end_of_record
